#! /usr/local/Cellar/icarus-verilog/11.0/bin/vvp
:ivl_version "11.0 (stable)";
:ivl_delay_selection "TYPICAL";
:vpi_time_precision + 0;
:vpi_module "/usr/local/Cellar/icarus-verilog/11.0/lib/ivl/system.vpi";
:vpi_module "/usr/local/Cellar/icarus-verilog/11.0/lib/ivl/vhdl_sys.vpi";
:vpi_module "/usr/local/Cellar/icarus-verilog/11.0/lib/ivl/vhdl_textio.vpi";
:vpi_module "/usr/local/Cellar/icarus-verilog/11.0/lib/ivl/v2005_math.vpi";
:vpi_module "/usr/local/Cellar/icarus-verilog/11.0/lib/ivl/va_math.vpi";
S_0x7fd24d004840 .scope module, "test_tb" "test_tb" 2 1;
 .timescale 0 0;
v0x7fd24d024100_0 .var "clk", 0 0;
v0x7fd24d024190_0 .var/i "i", 31 0;
v0x7fd24d024220_0 .var "in1", 0 0;
v0x7fd24d0242b0_0 .net "led0", 0 0, v0x7fd24d023a80_0;  1 drivers
v0x7fd24d024360_0 .net "led1", 0 0, v0x7fd24d023b10_0;  1 drivers
v0x7fd24d024430_0 .net "led2", 0 0, v0x7fd24d023bf0_0;  1 drivers
v0x7fd24d0244e0_0 .net "led3", 0 0, v0x7fd24d023c90_0;  1 drivers
v0x7fd24d024590_0 .net "led4", 0 0, v0x7fd24d023d30_0;  1 drivers
v0x7fd24d024640_0 .net "led5", 0 0, v0x7fd24d023dd0_0;  1 drivers
v0x7fd24d024770_0 .net "o1", 0 0, v0x7fd24d023ee0_0;  1 drivers
S_0x7fd24d007980 .scope module, "t" "test" 2 8, 3 2 0, S_0x7fd24d004840;
 .timescale 0 0;
    .port_info 0 /OUTPUT 1 "o1";
    .port_info 1 /INPUT 1 "in1";
    .port_info 2 /INPUT 1 "clk";
    .port_info 3 /OUTPUT 1 "led0";
    .port_info 4 /OUTPUT 1 "led1";
    .port_info 5 /OUTPUT 1 "led2";
    .port_info 6 /OUTPUT 1 "led3";
    .port_info 7 /OUTPUT 1 "led4";
    .port_info 8 /OUTPUT 1 "led5";
v0x7fd24d005880_0 .net "clk", 0 0, v0x7fd24d024100_0;  1 drivers
v0x7fd24d023930_0 .var "counter", 3 0;
v0x7fd24d0239d0_0 .net "in1", 0 0, v0x7fd24d024220_0;  1 drivers
v0x7fd24d023a80_0 .var "led0", 0 0;
v0x7fd24d023b10_0 .var "led1", 0 0;
v0x7fd24d023bf0_0 .var "led2", 0 0;
v0x7fd24d023c90_0 .var "led3", 0 0;
v0x7fd24d023d30_0 .var "led4", 0 0;
v0x7fd24d023dd0_0 .var "led5", 0 0;
v0x7fd24d023ee0_0 .var "o1", 0 0;
v0x7fd24d023f70_0 .var "score", 2 0;
E_0x7fd24d005dd0 .event posedge, v0x7fd24d005880_0;
E_0x7fd24d005a60 .event posedge, v0x7fd24d0239d0_0;
    .scope S_0x7fd24d007980;
T_0 ;
    %pushi/vec4 0, 0, 4;
    %store/vec4 v0x7fd24d023930_0, 0, 4;
    %pushi/vec4 1, 0, 1;
    %store/vec4 v0x7fd24d023ee0_0, 0, 1;
    %pushi/vec4 0, 0, 3;
    %store/vec4 v0x7fd24d023f70_0, 0, 3;
    %pushi/vec4 0, 0, 1;
    %store/vec4 v0x7fd24d023a80_0, 0, 1;
    %pushi/vec4 0, 0, 1;
    %store/vec4 v0x7fd24d023b10_0, 0, 1;
    %pushi/vec4 0, 0, 1;
    %store/vec4 v0x7fd24d023bf0_0, 0, 1;
    %pushi/vec4 0, 0, 1;
    %store/vec4 v0x7fd24d023c90_0, 0, 1;
    %pushi/vec4 0, 0, 1;
    %store/vec4 v0x7fd24d023d30_0, 0, 1;
    %pushi/vec4 0, 0, 1;
    %store/vec4 v0x7fd24d023dd0_0, 0, 1;
    %end;
    .thread T_0;
    .scope S_0x7fd24d007980;
T_1 ;
    %wait E_0x7fd24d005a60;
    %load/vec4 v0x7fd24d023ee0_0;
    %flag_set/vec4 8;
    %jmp/0xz  T_1.0, 8;
    %pushi/vec4 0, 0, 1;
    %store/vec4 v0x7fd24d023ee0_0, 0, 1;
    %pushi/vec4 0, 0, 4;
    %assign/vec4 v0x7fd24d023930_0, 0;
    %load/vec4 v0x7fd24d023f70_0;
    %addi 1, 0, 3;
    %assign/vec4 v0x7fd24d023f70_0, 0;
T_1.0 ;
    %jmp T_1;
    .thread T_1;
    .scope S_0x7fd24d007980;
T_2 ;
    %wait E_0x7fd24d005dd0;
    %load/vec4 v0x7fd24d023930_0;
    %addi 1, 0, 4;
    %assign/vec4 v0x7fd24d023930_0, 0;
    %load/vec4 v0x7fd24d023930_0;
    %cmpi/e 10, 0, 4;
    %jmp/0xz  T_2.0, 4;
    %pushi/vec4 0, 0, 4;
    %assign/vec4 v0x7fd24d023930_0, 0;
    %load/vec4 v0x7fd24d023ee0_0;
    %inv;
    %store/vec4 v0x7fd24d023ee0_0, 0, 1;
T_2.0 ;
    %load/vec4 v0x7fd24d023f70_0;
    %pad/u 32;
    %pushi/vec4 6, 0, 32;
    %mod;
    %cmpi/e 0, 0, 32;
    %jmp/0xz  T_2.2, 4;
    %pushi/vec4 1, 0, 1;
    %assign/vec4 v0x7fd24d023a80_0, 0;
    %jmp T_2.3;
T_2.2 ;
    %pushi/vec4 0, 0, 1;
    %assign/vec4 v0x7fd24d023a80_0, 0;
T_2.3 ;
    %load/vec4 v0x7fd24d023f70_0;
    %pad/u 32;
    %pushi/vec4 6, 0, 32;
    %mod;
    %cmpi/e 1, 0, 32;
    %jmp/0xz  T_2.4, 4;
    %pushi/vec4 1, 0, 1;
    %assign/vec4 v0x7fd24d023b10_0, 0;
    %jmp T_2.5;
T_2.4 ;
    %pushi/vec4 0, 0, 1;
    %assign/vec4 v0x7fd24d023b10_0, 0;
T_2.5 ;
    %load/vec4 v0x7fd24d023f70_0;
    %pad/u 32;
    %pushi/vec4 6, 0, 32;
    %mod;
    %cmpi/e 2, 0, 32;
    %jmp/0xz  T_2.6, 4;
    %pushi/vec4 1, 0, 1;
    %assign/vec4 v0x7fd24d023bf0_0, 0;
    %jmp T_2.7;
T_2.6 ;
    %pushi/vec4 0, 0, 1;
    %assign/vec4 v0x7fd24d023bf0_0, 0;
T_2.7 ;
    %load/vec4 v0x7fd24d023f70_0;
    %pad/u 32;
    %pushi/vec4 6, 0, 32;
    %mod;
    %cmpi/e 3, 0, 32;
    %jmp/0xz  T_2.8, 4;
    %pushi/vec4 1, 0, 1;
    %assign/vec4 v0x7fd24d023c90_0, 0;
    %jmp T_2.9;
T_2.8 ;
    %pushi/vec4 0, 0, 1;
    %assign/vec4 v0x7fd24d023c90_0, 0;
T_2.9 ;
    %load/vec4 v0x7fd24d023f70_0;
    %pad/u 32;
    %pushi/vec4 6, 0, 32;
    %mod;
    %cmpi/e 4, 0, 32;
    %jmp/0xz  T_2.10, 4;
    %pushi/vec4 1, 0, 1;
    %assign/vec4 v0x7fd24d023d30_0, 0;
    %jmp T_2.11;
T_2.10 ;
    %pushi/vec4 0, 0, 1;
    %assign/vec4 v0x7fd24d023d30_0, 0;
T_2.11 ;
    %load/vec4 v0x7fd24d023f70_0;
    %pad/u 32;
    %pushi/vec4 6, 0, 32;
    %mod;
    %cmpi/e 5, 0, 32;
    %jmp/0xz  T_2.12, 4;
    %pushi/vec4 1, 0, 1;
    %assign/vec4 v0x7fd24d023dd0_0, 0;
    %jmp T_2.13;
T_2.12 ;
    %pushi/vec4 0, 0, 1;
    %assign/vec4 v0x7fd24d023dd0_0, 0;
T_2.13 ;
    %jmp T_2;
    .thread T_2;
    .scope S_0x7fd24d004840;
T_3 ;
    %pushi/vec4 1, 0, 1;
    %store/vec4 v0x7fd24d024220_0, 0, 1;
    %pushi/vec4 0, 0, 1;
    %store/vec4 v0x7fd24d024100_0, 0, 1;
    %pushi/vec4 0, 0, 32;
    %store/vec4 v0x7fd24d024190_0, 0, 32;
T_3.0 ;
    %load/vec4 v0x7fd24d024190_0;
    %cmpi/s 64, 0, 32;
    %jmp/0xz T_3.1, 5;
    %load/vec4 v0x7fd24d024220_0;
    %inv;
    %store/vec4 v0x7fd24d024220_0, 0, 1;
    %load/vec4 v0x7fd24d024100_0;
    %inv;
    %store/vec4 v0x7fd24d024100_0, 0, 1;
    %vpi_call 2 17 "$display", " o:%b, in1:%b,  led0:%b,  led1:%b,  led2:%b,  led3:%b,  led4:%b,  led5:%b", v0x7fd24d024770_0, v0x7fd24d024220_0, v0x7fd24d0242b0_0, v0x7fd24d024360_0, v0x7fd24d024430_0, v0x7fd24d0244e0_0, v0x7fd24d024590_0, v0x7fd24d024640_0 {0 0 0};
    %load/vec4 v0x7fd24d024100_0;
    %inv;
    %store/vec4 v0x7fd24d024100_0, 0, 1;
    %delay 100, 0;
    %load/vec4 v0x7fd24d024190_0;
    %addi 1, 0, 32;
    %store/vec4 v0x7fd24d024190_0, 0, 32;
    %jmp T_3.0;
T_3.1 ;
    %vpi_call 2 21 "$finish" {0 0 0};
    %end;
    .thread T_3;
# The file index is used to find the file name in the following table.
:file_names 4;
    "N/A";
    "<interactive>";
    "test_tb.v";
    "test.v";
