Copyright 1986-2021 Xilinx, Inc. All Rights Reserved.
----------------------------------------------------------------------------------------------------------------------------------
| Tool Version     : Vivado v.2021.1 (win64) Build 3247384 Thu Jun 10 19:36:33 MDT 2021
| Date             : Wed Dec  1 13:21:50 2021
| Host             : P2-07 running 64-bit major release  (build 9200)
| Command          : report_power -file main_power_routed.rpt -pb main_power_summary_routed.pb -rpx main_power_routed.rpx
| Design           : main
| Device           : xc7a100tcsg324-1
| Design State     : routed
| Grade            : commercial
| Process          : typical
| Characterization : Production
----------------------------------------------------------------------------------------------------------------------------------

Power Report

Table of Contents
-----------------
1. Summary
1.1 On-Chip Components
1.2 Power Supply Summary
1.3 Confidence Level
2. Settings
2.1 Environment
2.2 Clock Constraints
3. Detailed Reports
3.1 By Hierarchy

1. Summary
----------

+--------------------------+----------------------------------+
| Total On-Chip Power (W)  | 19.396 (Junction temp exceeded!) |
| Design Power Budget (W)  | Unspecified*                     |
| Power Budget Margin (W)  | NA                               |
| Dynamic (W)              | 18.810                           |
| Device Static (W)        | 0.586                            |
| Effective TJA (C/W)      | 4.6                              |
| Max Ambient (C)          | 0.0                              |
| Junction Temperature (C) | 113.5                            |
| Confidence Level         | Low                              |
| Setting File             | ---                              |
| Simulation Activity File | ---                              |
| Design Nets Matched      | NA                               |
+--------------------------+----------------------------------+
* Specify Design Power Budget using, set_operating_conditions -design_power_budget <value in Watts>


1.1 On-Chip Components
----------------------

+----------------+-----------+----------+-----------+-----------------+
| On-Chip        | Power (W) | Used     | Available | Utilization (%) |
+----------------+-----------+----------+-----------+-----------------+
| Slice Logic    |     4.096 |     1517 |       --- |             --- |
|   LUT as Logic |     3.762 |      545 |     63400 |            0.86 |
|   Register     |     0.196 |      401 |    126800 |            0.32 |
|   CARRY4       |     0.132 |       76 |     15850 |            0.48 |
|   BUFG         |     0.006 |        1 |        32 |            3.13 |
|   Others       |     0.000 |      393 |       --- |             --- |
| Signals        |     5.266 |      916 |       --- |             --- |
| Block RAM      |     0.640 |        5 |       135 |            3.70 |
| I/O            |     8.809 |       10 |       210 |            4.76 |
| Static Power   |     0.586 |          |           |                 |
| Total          |    19.396 |          |           |                 |
+----------------+-----------+----------+-----------+-----------------+


1.2 Power Supply Summary
------------------------

+-----------+-------------+-----------+-------------+------------+-------------+-------------+------------+
| Source    | Voltage (V) | Total (A) | Dynamic (A) | Static (A) | Powerup (A) | Budget (A)  | Margin (A) |
+-----------+-------------+-----------+-------------+------------+-------------+-------------+------------+
| Vccint    |       1.000 |    10.357 |       9.958 |      0.398 |       NA    | Unspecified | NA         |
| Vccaux    |       1.800 |     0.392 |       0.322 |      0.070 |       NA    | Unspecified | NA         |
| Vcco33    |       3.300 |     2.495 |       2.491 |      0.004 |       NA    | Unspecified | NA         |
| Vcco25    |       2.500 |     0.000 |       0.000 |      0.000 |       NA    | Unspecified | NA         |
| Vcco18    |       1.800 |     0.000 |       0.000 |      0.000 |       NA    | Unspecified | NA         |
| Vcco15    |       1.500 |     0.000 |       0.000 |      0.000 |       NA    | Unspecified | NA         |
| Vcco135   |       1.350 |     0.000 |       0.000 |      0.000 |       NA    | Unspecified | NA         |
| Vcco12    |       1.200 |     0.000 |       0.000 |      0.000 |       NA    | Unspecified | NA         |
| Vccaux_io |       1.800 |     0.000 |       0.000 |      0.000 |       NA    | Unspecified | NA         |
| Vccbram   |       1.000 |     0.064 |       0.050 |      0.013 |       NA    | Unspecified | NA         |
| MGTAVcc   |       1.000 |     0.000 |       0.000 |      0.000 |       NA    | Unspecified | NA         |
| MGTAVtt   |       1.200 |     0.000 |       0.000 |      0.000 |       NA    | Unspecified | NA         |
| Vccadc    |       1.800 |     0.020 |       0.000 |      0.020 |       NA    | Unspecified | NA         |
+-----------+-------------+-----------+-------------+------------+-------------+-------------+------------+


1.3 Confidence Level
--------------------

+-----------------------------+------------+--------------------------------------------------------+--------------------------------------------------------------------------------------------------------------------+
| User Input Data             | Confidence | Details                                                | Action                                                                                                             |
+-----------------------------+------------+--------------------------------------------------------+--------------------------------------------------------------------------------------------------------------------+
| Design implementation state | High       | Design is routed                                       |                                                                                                                    |
| Clock nodes activity        | Low        | User specified less than 75% of clocks                 | Provide missing clock activity with a constraint file, simulation results or by editing the "By Clock Domain" view |
| I/O nodes activity          | Low        | More than 75% of inputs are missing user specification | Provide missing input activity with simulation results or by editing the "By Resource Type -> I/Os" view           |
| Internal nodes activity     | Medium     | User specified less than 25% of internal nodes         | Provide missing internal nodes activity with simulation results or by editing the "By Resource Type" views         |
| Device models               | High       | Device models are Production                           |                                                                                                                    |
|                             |            |                                                        |                                                                                                                    |
| Overall confidence level    | Low        |                                                        |                                                                                                                    |
+-----------------------------+------------+--------------------------------------------------------+--------------------------------------------------------------------------------------------------------------------+


2. Settings
-----------

2.1 Environment
---------------

+-----------------------+--------------------------+
| Ambient Temp (C)      | 25.0                     |
| ThetaJA (C/W)         | 4.6                      |
| Airflow (LFM)         | 250                      |
| Heat Sink             | medium (Medium Profile)  |
| ThetaSA (C/W)         | 4.6                      |
| Board Selection       | medium (10"x10")         |
| # of Board Layers     | 12to15 (12 to 15 Layers) |
| Board Temperature (C) | 25.0                     |
+-----------------------+--------------------------+


2.2 Clock Constraints
---------------------

+-------+--------+-----------------+
| Clock | Domain | Constraint (ns) |
+-------+--------+-----------------+


3. Detailed Reports
-------------------

3.1 By Hierarchy
----------------

+---------------------+-----------+
| Name                | Power (W) |
+---------------------+-----------+
| main                |    18.810 |
|   CPU               |     7.648 |
|     add_one         |     0.064 |
|     dx              |     1.980 |
|       loop[0].dpc1  |     0.004 |
|       loop[0].dpc2  |     0.007 |
|       loop[10].dpc1 |     0.002 |
|       loop[10].dpc2 |     0.002 |
|       loop[11].dpc1 |     0.037 |
|       loop[11].dpc2 |     0.018 |
|       loop[12].dpc1 |     0.002 |
|       loop[12].dpc2 |     0.052 |
|       loop[13].dpc1 |     0.033 |
|       loop[13].dpc2 |     0.016 |
|       loop[13].dpr3 |     0.220 |
|       loop[14].dpc1 |     0.002 |
|       loop[14].dpc2 |     0.002 |
|       loop[15].dpc1 |     0.002 |
|       loop[15].dpc2 |     0.039 |
|       loop[16].dpc1 |     0.003 |
|       loop[16].dpc2 |     0.003 |
|       loop[17].dpc1 |     0.040 |
|       loop[17].dpc2 |     0.014 |
|       loop[18].dpc1 |     0.002 |
|       loop[18].dpc2 |     0.002 |
|       loop[19].dpc1 |     0.034 |
|       loop[19].dpc2 |     0.014 |
|       loop[1].dpc1  |     0.005 |
|       loop[1].dpc2  |     0.007 |
|       loop[20].dpc1 |     0.001 |
|       loop[20].dpc2 |     0.001 |
|       loop[21].dpc1 |     0.002 |
|       loop[21].dpc2 |     0.038 |
|       loop[22].dpc1 |     0.002 |
|       loop[22].dpc2 |     0.001 |
|       loop[23].dpc1 |     0.002 |
|       loop[23].dpc2 |     0.003 |
|       loop[23].dpr3 |     0.051 |
|       loop[24].dpc1 |     0.001 |
|       loop[24].dpc2 |     0.001 |
|       loop[25].dpc1 |     0.003 |
|       loop[25].dpc2 |     0.002 |
|       loop[26].dpc1 |     0.001 |
|       loop[26].dpc2 |     0.001 |
|       loop[27].dpc1 |     0.002 |
|       loop[27].dpc2 |     0.002 |
|       loop[27].dpr3 |     0.072 |
|       loop[28].dpc1 |     0.002 |
|       loop[28].dpc2 |     0.003 |
|       loop[28].dpr3 |     0.152 |
|       loop[29].dpc1 |     0.003 |
|       loop[29].dpc2 |     0.003 |
|       loop[29].dpr3 |     0.379 |
|       loop[2].dpc1  |     0.005 |
|       loop[2].dpc2  |     0.065 |
|       loop[30].dpc1 |     0.002 |
|       loop[30].dpc2 |     0.002 |
|       loop[30].dpr3 |     0.428 |
|       loop[3].dpc1  |     0.002 |
|       loop[3].dpc2  |     0.020 |
|       loop[4].dpc1  |     0.001 |
|       loop[4].dpc2  |     0.020 |
|       loop[5].dpc1  |     0.001 |
|       loop[5].dpc2  |     0.002 |
|       loop[6].dpc1  |     0.002 |
|       loop[6].dpc2  |     0.047 |
|       loop[7].dpc1  |     0.040 |
|       loop[7].dpc2  |     0.016 |
|       loop[8].dpc1  |     0.002 |
|       loop[8].dpc2  |     0.016 |
|       loop[9].dpc1  |     0.003 |
|       loop[9].dpc2  |     0.015 |
|     fd              |     0.804 |
|       loop[13].dpr1 |     0.322 |
|       loop[23].dpr1 |     0.207 |
|       loop[27].dpr1 |     0.027 |
|       loop[28].dpr1 |     0.022 |
|       loop[29].dpr1 |     0.016 |
|       loop[30].dpr1 |     0.211 |
|     math            |     0.096 |
|     mw              |     3.811 |
|       loop[0].dpc1  |     0.102 |
|       loop[0].dpc2  |     0.006 |
|       loop[0].dpr0  |     0.197 |
|       loop[10].dpc1 |     0.045 |
|       loop[10].dpc2 |     0.023 |
|       loop[11].dpc1 |     0.024 |
|       loop[11].dpc2 |     0.027 |
|       loop[12].dpc1 |     0.023 |
|       loop[12].dpc2 |     0.026 |
|       loop[13].dpc1 |     0.024 |
|       loop[13].dpc2 |     0.031 |
|       loop[14].dpc1 |     0.071 |
|       loop[14].dpc2 |     0.035 |
|       loop[15].dpc1 |     0.034 |
|       loop[15].dpc2 |     0.029 |
|       loop[16].dpc1 |     0.073 |
|       loop[16].dpc2 |     0.032 |
|       loop[17].dpc1 |     0.024 |
|       loop[17].dpc2 |     0.033 |
|       loop[18].dpc1 |     0.054 |
|       loop[18].dpc2 |     0.023 |
|       loop[19].dpc1 |     0.024 |
|       loop[19].dpc2 |     0.028 |
|       loop[1].dpc1  |     0.103 |
|       loop[1].dpc2  |     0.006 |
|       loop[1].dpr0  |     0.094 |
|       loop[20].dpc1 |     0.029 |
|       loop[20].dpc2 |     0.025 |
|       loop[21].dpc1 |     0.033 |
|       loop[21].dpc2 |     0.021 |
|       loop[22].dpc1 |     0.054 |
|       loop[22].dpc2 |     0.031 |
|       loop[22].dpr0 |     0.448 |
|       loop[23].dpc1 |     0.039 |
|       loop[23].dpc2 |     0.026 |
|       loop[23].dpr0 |     0.475 |
|       loop[24].dpc1 |     0.069 |
|       loop[24].dpc2 |     0.027 |
|       loop[25].dpc1 |     0.067 |
|       loop[25].dpc2 |     0.032 |
|       loop[26].dpc1 |     0.032 |
|       loop[26].dpc2 |     0.028 |
|       loop[27].dpc1 |     0.060 |
|       loop[27].dpc2 |     0.028 |
|       loop[27].dpr0 |     0.110 |
|       loop[28].dpc1 |     0.048 |
|       loop[28].dpc2 |     0.028 |
|       loop[29].dpc1 |     0.065 |
|       loop[29].dpc2 |     0.028 |
|       loop[29].dpr0 |     0.084 |
|       loop[2].dpc1  |     0.079 |
|       loop[2].dpc2  |     0.008 |
|       loop[2].dpr0  |     0.133 |
|       loop[30].dpc1 |     0.023 |
|       loop[30].dpc2 |     0.025 |
|       loop[31].dpc1 |     0.011 |
|       loop[31].dpc2 |     0.015 |
|       loop[3].dpc1  |     0.041 |
|       loop[3].dpc2  |     0.032 |
|       loop[4].dpc1  |     0.035 |
|       loop[4].dpc2  |     0.036 |
|       loop[5].dpc1  |     0.049 |
|       loop[5].dpc2  |     0.032 |
|       loop[6].dpc1  |     0.026 |
|       loop[6].dpc2  |     0.027 |
|       loop[7].dpc1  |     0.026 |
|       loop[7].dpc2  |     0.026 |
|       loop[8].dpc1  |     0.027 |
|       loop[8].dpc2  |     0.026 |
|       loop[9].dpc1  |     0.032 |
|       loop[9].dpc2  |     0.025 |
|     pc              |     0.172 |
|       loop[0].pc    |     0.016 |
|       loop[10].pc   |     0.014 |
|       loop[11].pc   |     0.011 |
|       loop[1].pc    |     0.013 |
|       loop[2].pc    |     0.014 |
|       loop[3].pc    |     0.012 |
|       loop[4].pc    |     0.014 |
|       loop[5].pc    |     0.015 |
|       loop[6].pc    |     0.012 |
|       loop[7].pc    |     0.017 |
|       loop[8].pc    |     0.015 |
|       loop[9].pc    |     0.017 |
|     xm              |     0.722 |
|       loop[0].dpc1  |     0.020 |
|       loop[0].dpc2  |     0.006 |
|       loop[0].dpr0  |     0.007 |
|       loop[10].dpc1 |     0.018 |
|       loop[10].dpc2 |     0.003 |
|       loop[11].dpc1 |     0.025 |
|       loop[11].dpc2 |     0.002 |
|       loop[12].dpc1 |     0.013 |
|       loop[12].dpc2 |     0.003 |
|       loop[13].dpc1 |     0.016 |
|       loop[13].dpc2 |     0.004 |
|       loop[14].dpc1 |     0.010 |
|       loop[14].dpc2 |     0.002 |
|       loop[15].dpc1 |     0.016 |
|       loop[15].dpc2 |     0.003 |
|       loop[16].dpc1 |     0.008 |
|       loop[16].dpc2 |     0.002 |
|       loop[17].dpc1 |     0.011 |
|       loop[17].dpc2 |     0.005 |
|       loop[18].dpc1 |     0.012 |
|       loop[18].dpc2 |     0.003 |
|       loop[19].dpc1 |     0.013 |
|       loop[19].dpc2 |     0.003 |
|       loop[1].dpc1  |     0.020 |
|       loop[1].dpc2  |     0.004 |
|       loop[1].dpr0  |     0.022 |
|       loop[20].dpc1 |     0.026 |
|       loop[20].dpc2 |     0.002 |
|       loop[21].dpc1 |     0.015 |
|       loop[21].dpc2 |     0.002 |
|       loop[22].dpc1 |     0.010 |
|       loop[22].dpc2 |     0.002 |
|       loop[22].dpr0 |     0.051 |
|       loop[23].dpc1 |     0.021 |
|       loop[23].dpc2 |     0.003 |
|       loop[23].dpr0 |     0.014 |
|       loop[24].dpc1 |     0.010 |
|       loop[24].dpc2 |     0.002 |
|       loop[25].dpc1 |     0.010 |
|       loop[25].dpc2 |     0.003 |
|       loop[26].dpc1 |     0.021 |
|       loop[26].dpc2 |     0.003 |
|       loop[27].dpc1 |     0.012 |
|       loop[27].dpc2 |     0.002 |
|       loop[27].dpr0 |     0.007 |
|       loop[28].dpc1 |     0.023 |
|       loop[28].dpc2 |     0.002 |
|       loop[29].dpc1 |     0.007 |
|       loop[29].dpc2 |     0.003 |
|       loop[29].dpr0 |     0.007 |
|       loop[2].dpc1  |     0.023 |
|       loop[2].dpc2  |     0.008 |
|       loop[2].dpr0  |     0.010 |
|       loop[30].dpc1 |     0.009 |
|       loop[30].dpc2 |     0.002 |
|       loop[3].dpc1  |     0.019 |
|       loop[3].dpc2  |     0.004 |
|       loop[4].dpc1  |     0.025 |
|       loop[4].dpc2  |     0.004 |
|       loop[5].dpc1  |     0.019 |
|       loop[5].dpc2  |     0.003 |
|       loop[6].dpc1  |     0.020 |
|       loop[6].dpc2  |     0.002 |
|       loop[7].dpc1  |     0.016 |
|       loop[7].dpc2  |     0.002 |
|       loop[8].dpc1  |     0.020 |
|       loop[8].dpc2  |     0.004 |
|       loop[9].dpc1  |     0.018 |
|       loop[9].dpc2  |     0.003 |
|   InstMem           |     0.166 |
|   ProcMem           |     0.706 |
|   RegisterFile      |     0.895 |
+---------------------+-----------+


