
*** Running vivado
    with args -log main.vds -m64 -product Vivado -mode batch -messageDb vivado.pb -notrace -source main.tcl



****** Vivado v2021.1 (64-bit)
  **** SW Build 3247384 on Thu Jun 10 19:36:33 MDT 2021
  **** IP Build 3246043 on Fri Jun 11 00:30:35 MDT 2021
    ** Copyright 1986-2021 Xilinx, Inc. All Rights Reserved.

source main.tcl -notrace
Command: synth_design -top main -part xc7a100tcsg324-1
Starting synth_design
Attempting to get a license for feature 'Synthesis' and/or device 'xc7a100t'
INFO: [Common 17-349] Got license for feature 'Synthesis' and/or device 'xc7a100t'
INFO: [Device 21-403] Loading part xc7a100tcsg324-1
INFO: [Synth 8-7079] Multithreading enabled for synth_design using a maximum of 2 processes.
INFO: [Synth 8-7078] Launching helper process for spawning children vivado processes
INFO: [Synth 8-7075] Helper process launched with PID 1228
WARNING: [Synth 8-6901] identifier 'rwe_inst' is used before its declaration [C:/Users/zz160/Desktop/ECE350Final/main.v:34]
WARNING: [Synth 8-6901] identifier 'bypass_B_mux' is used before its declaration [C:/Users/zz160/Desktop/ECE350Final/processor/processor_main/processor.v:47]
WARNING: [Synth 8-6901] identifier 'is_lw_tail' is used before its declaration [C:/Users/zz160/Desktop/ECE350Final/processor/processor_main/processor.v:73]
WARNING: [Synth 8-6901] identifier 'is_sw_mw' is used before its declaration [C:/Users/zz160/Desktop/ECE350Final/processor/processor_main/processor.v:73]
WARNING: [Synth 8-6901] identifier 'ir_tail' is used before its declaration [C:/Users/zz160/Desktop/ECE350Final/processor/processor_main/processor.v:73]
WARNING: [Synth 8-6901] identifier 'ir_mw' is used before its declaration [C:/Users/zz160/Desktop/ECE350Final/processor/processor_main/processor.v:73]
WARNING: [Synth 8-6901] identifier 'is_r_mw' is used before its declaration [C:/Users/zz160/Desktop/ECE350Final/processor/processor_main/processor.v:75]
WARNING: [Synth 8-6901] identifier 'is_addi_mw' is used before its declaration [C:/Users/zz160/Desktop/ECE350Final/processor/processor_main/processor.v:75]
WARNING: [Synth 8-6901] identifier 'is_r_xm' is used before its declaration [C:/Users/zz160/Desktop/ECE350Final/processor/processor_main/processor.v:75]
WARNING: [Synth 8-6901] identifier 'is_sw_xm' is used before its declaration [C:/Users/zz160/Desktop/ECE350Final/processor/processor_main/processor.v:75]
WARNING: [Synth 8-6901] identifier 'is_addi_xm' is used before its declaration [C:/Users/zz160/Desktop/ECE350Final/processor/processor_main/processor.v:75]
WARNING: [Synth 8-6901] identifier 'ir_xm' is used before its declaration [C:/Users/zz160/Desktop/ECE350Final/processor/processor_main/processor.v:75]
WARNING: [Synth 8-6901] identifier 'ir_mw' is used before its declaration [C:/Users/zz160/Desktop/ECE350Final/processor/processor_main/processor.v:75]
WARNING: [Synth 8-6901] identifier 'is_blt_xm' is used before its declaration [C:/Users/zz160/Desktop/ECE350Final/processor/processor_main/processor.v:75]
WARNING: [Synth 8-6901] identifier 'is_bne_xm' is used before its declaration [C:/Users/zz160/Desktop/ECE350Final/processor/processor_main/processor.v:75]
WARNING: [Synth 8-6901] identifier 'ir_xm' is used before its declaration [C:/Users/zz160/Desktop/ECE350Final/processor/processor_main/processor.v:75]
WARNING: [Synth 8-6901] identifier 'ir_mw' is used before its declaration [C:/Users/zz160/Desktop/ECE350Final/processor/processor_main/processor.v:75]
WARNING: [Synth 8-6901] identifier 'ir_mw' is used before its declaration [C:/Users/zz160/Desktop/ECE350Final/processor/processor_main/processor.v:75]
WARNING: [Synth 8-6901] identifier 'is_r_tail' is used before its declaration [C:/Users/zz160/Desktop/ECE350Final/processor/processor_main/processor.v:77]
WARNING: [Synth 8-6901] identifier 'is_addi_tail' is used before its declaration [C:/Users/zz160/Desktop/ECE350Final/processor/processor_main/processor.v:77]
WARNING: [Synth 8-6901] identifier 'is_lw_tail' is used before its declaration [C:/Users/zz160/Desktop/ECE350Final/processor/processor_main/processor.v:77]
WARNING: [Synth 8-6901] identifier 'is_r_xm' is used before its declaration [C:/Users/zz160/Desktop/ECE350Final/processor/processor_main/processor.v:77]
WARNING: [Synth 8-6901] identifier 'is_sw_xm' is used before its declaration [C:/Users/zz160/Desktop/ECE350Final/processor/processor_main/processor.v:77]
WARNING: [Synth 8-6901] identifier 'is_addi_xm' is used before its declaration [C:/Users/zz160/Desktop/ECE350Final/processor/processor_main/processor.v:77]
WARNING: [Synth 8-6901] identifier 'ir_xm' is used before its declaration [C:/Users/zz160/Desktop/ECE350Final/processor/processor_main/processor.v:77]
WARNING: [Synth 8-6901] identifier 'ir_tail' is used before its declaration [C:/Users/zz160/Desktop/ECE350Final/processor/processor_main/processor.v:77]
WARNING: [Synth 8-6901] identifier 'is_blt_xm' is used before its declaration [C:/Users/zz160/Desktop/ECE350Final/processor/processor_main/processor.v:77]
WARNING: [Synth 8-6901] identifier 'is_bne_xm' is used before its declaration [C:/Users/zz160/Desktop/ECE350Final/processor/processor_main/processor.v:77]
WARNING: [Synth 8-6901] identifier 'ir_xm' is used before its declaration [C:/Users/zz160/Desktop/ECE350Final/processor/processor_main/processor.v:77]
WARNING: [Synth 8-6901] identifier 'ir_tail' is used before its declaration [C:/Users/zz160/Desktop/ECE350Final/processor/processor_main/processor.v:77]
WARNING: [Synth 8-6901] identifier 'ir_tail' is used before its declaration [C:/Users/zz160/Desktop/ECE350Final/processor/processor_main/processor.v:77]
WARNING: [Synth 8-6901] identifier 'is_r_mw' is used before its declaration [C:/Users/zz160/Desktop/ECE350Final/processor/processor_main/processor.v:79]
WARNING: [Synth 8-6901] identifier 'is_addi_mw' is used before its declaration [C:/Users/zz160/Desktop/ECE350Final/processor/processor_main/processor.v:79]
WARNING: [Synth 8-6901] identifier 'ir_mw' is used before its declaration [C:/Users/zz160/Desktop/ECE350Final/processor/processor_main/processor.v:79]
WARNING: [Synth 8-6901] identifier 'is_sw_xm' is used before its declaration [C:/Users/zz160/Desktop/ECE350Final/processor/processor_main/processor.v:79]
WARNING: [Synth 8-6901] identifier 'is_j2_xm' is used before its declaration [C:/Users/zz160/Desktop/ECE350Final/processor/processor_main/processor.v:79]
WARNING: [Synth 8-6901] identifier 'ir_xm' is used before its declaration [C:/Users/zz160/Desktop/ECE350Final/processor/processor_main/processor.v:79]
WARNING: [Synth 8-6901] identifier 'ir_mw' is used before its declaration [C:/Users/zz160/Desktop/ECE350Final/processor/processor_main/processor.v:79]
WARNING: [Synth 8-6901] identifier 'is_r_xm' is used before its declaration [C:/Users/zz160/Desktop/ECE350Final/processor/processor_main/processor.v:79]
WARNING: [Synth 8-6901] identifier 'ir_xm' is used before its declaration [C:/Users/zz160/Desktop/ECE350Final/processor/processor_main/processor.v:79]
WARNING: [Synth 8-6901] identifier 'ir_mw' is used before its declaration [C:/Users/zz160/Desktop/ECE350Final/processor/processor_main/processor.v:79]
WARNING: [Synth 8-6901] identifier 'is_blt_xm' is used before its declaration [C:/Users/zz160/Desktop/ECE350Final/processor/processor_main/processor.v:79]
WARNING: [Synth 8-6901] identifier 'is_bne_xm' is used before its declaration [C:/Users/zz160/Desktop/ECE350Final/processor/processor_main/processor.v:79]
WARNING: [Synth 8-6901] identifier 'ir_xm' is used before its declaration [C:/Users/zz160/Desktop/ECE350Final/processor/processor_main/processor.v:79]
WARNING: [Synth 8-6901] identifier 'ir_mw' is used before its declaration [C:/Users/zz160/Desktop/ECE350Final/processor/processor_main/processor.v:79]
WARNING: [Synth 8-6901] identifier 'is_r_tail' is used before its declaration [C:/Users/zz160/Desktop/ECE350Final/processor/processor_main/processor.v:81]
WARNING: [Synth 8-6901] identifier 'is_addi_tail' is used before its declaration [C:/Users/zz160/Desktop/ECE350Final/processor/processor_main/processor.v:81]
WARNING: [Synth 8-6901] identifier 'is_lw_tail' is used before its declaration [C:/Users/zz160/Desktop/ECE350Final/processor/processor_main/processor.v:81]
WARNING: [Synth 8-6901] identifier 'ir_tail' is used before its declaration [C:/Users/zz160/Desktop/ECE350Final/processor/processor_main/processor.v:81]
WARNING: [Synth 8-6901] identifier 'is_sw_xm' is used before its declaration [C:/Users/zz160/Desktop/ECE350Final/processor/processor_main/processor.v:81]
WARNING: [Synth 8-6901] identifier 'is_j2_xm' is used before its declaration [C:/Users/zz160/Desktop/ECE350Final/processor/processor_main/processor.v:81]
WARNING: [Synth 8-6901] identifier 'ir_xm' is used before its declaration [C:/Users/zz160/Desktop/ECE350Final/processor/processor_main/processor.v:81]
WARNING: [Synth 8-6901] identifier 'ir_tail' is used before its declaration [C:/Users/zz160/Desktop/ECE350Final/processor/processor_main/processor.v:81]
WARNING: [Synth 8-6901] identifier 'is_r_xm' is used before its declaration [C:/Users/zz160/Desktop/ECE350Final/processor/processor_main/processor.v:81]
WARNING: [Synth 8-6901] identifier 'ir_xm' is used before its declaration [C:/Users/zz160/Desktop/ECE350Final/processor/processor_main/processor.v:81]
WARNING: [Synth 8-6901] identifier 'ir_tail' is used before its declaration [C:/Users/zz160/Desktop/ECE350Final/processor/processor_main/processor.v:81]
WARNING: [Synth 8-6901] identifier 'is_blt_xm' is used before its declaration [C:/Users/zz160/Desktop/ECE350Final/processor/processor_main/processor.v:81]
WARNING: [Synth 8-6901] identifier 'is_bne_xm' is used before its declaration [C:/Users/zz160/Desktop/ECE350Final/processor/processor_main/processor.v:81]
WARNING: [Synth 8-6901] identifier 'ir_xm' is used before its declaration [C:/Users/zz160/Desktop/ECE350Final/processor/processor_main/processor.v:81]
WARNING: [Synth 8-6901] identifier 'ir_tail' is used before its declaration [C:/Users/zz160/Desktop/ECE350Final/processor/processor_main/processor.v:81]
WARNING: [Synth 8-6901] identifier 'is_lw_xm' is used before its declaration [C:/Users/zz160/Desktop/ECE350Final/processor/processor_main/processor.v:84]
WARNING: [Synth 8-6901] identifier 'is_r_dx' is used before its declaration [C:/Users/zz160/Desktop/ECE350Final/processor/processor_main/processor.v:84]
WARNING: [Synth 8-6901] identifier 'is_i_dx_no_lwsw' is used before its declaration [C:/Users/zz160/Desktop/ECE350Final/processor/processor_main/processor.v:84]
WARNING: [Synth 8-6901] identifier 'is_sw_dx' is used before its declaration [C:/Users/zz160/Desktop/ECE350Final/processor/processor_main/processor.v:84]
WARNING: [Synth 8-6901] identifier 'ir_dx' is used before its declaration [C:/Users/zz160/Desktop/ECE350Final/processor/processor_main/processor.v:84]
WARNING: [Synth 8-6901] identifier 'ir_xm' is used before its declaration [C:/Users/zz160/Desktop/ECE350Final/processor/processor_main/processor.v:84]
WARNING: [Synth 8-6901] identifier 'is_r_dx' is used before its declaration [C:/Users/zz160/Desktop/ECE350Final/processor/processor_main/processor.v:84]
WARNING: [Synth 8-6901] identifier 'ir_dx' is used before its declaration [C:/Users/zz160/Desktop/ECE350Final/processor/processor_main/processor.v:84]
WARNING: [Synth 8-6901] identifier 'ir_xm' is used before its declaration [C:/Users/zz160/Desktop/ECE350Final/processor/processor_main/processor.v:84]
WARNING: [Synth 8-6901] identifier 'is_j2_dx' is used before its declaration [C:/Users/zz160/Desktop/ECE350Final/processor/processor_main/processor.v:84]
WARNING: [Synth 8-6901] identifier 'ir_dx' is used before its declaration [C:/Users/zz160/Desktop/ECE350Final/processor/processor_main/processor.v:84]
WARNING: [Synth 8-6901] identifier 'ir_xm' is used before its declaration [C:/Users/zz160/Desktop/ECE350Final/processor/processor_main/processor.v:84]
WARNING: [Synth 8-6901] identifier 'is_addi_dx' is used before its declaration [C:/Users/zz160/Desktop/ECE350Final/processor/processor_main/processor.v:87]
WARNING: [Synth 8-6901] identifier 'is_blt_dx' is used before its declaration [C:/Users/zz160/Desktop/ECE350Final/processor/processor_main/processor.v:87]
WARNING: [Synth 8-6901] identifier 'is_bne_dx' is used before its declaration [C:/Users/zz160/Desktop/ECE350Final/processor/processor_main/processor.v:87]
WARNING: [Synth 8-6901] identifier 'is_addi_xm' is used before its declaration [C:/Users/zz160/Desktop/ECE350Final/processor/processor_main/processor.v:88]
WARNING: [Synth 8-6901] identifier 'is_blt_xm' is used before its declaration [C:/Users/zz160/Desktop/ECE350Final/processor/processor_main/processor.v:88]
WARNING: [Synth 8-6901] identifier 'is_bne_xm' is used before its declaration [C:/Users/zz160/Desktop/ECE350Final/processor/processor_main/processor.v:88]
WARNING: [Synth 8-6901] identifier 'is_addi_mw' is used before its declaration [C:/Users/zz160/Desktop/ECE350Final/processor/processor_main/processor.v:89]
WARNING: [Synth 8-6901] identifier 'is_blt_mw' is used before its declaration [C:/Users/zz160/Desktop/ECE350Final/processor/processor_main/processor.v:89]
WARNING: [Synth 8-6901] identifier 'is_bne_mw' is used before its declaration [C:/Users/zz160/Desktop/ECE350Final/processor/processor_main/processor.v:89]
WARNING: [Synth 8-6901] identifier 'is_addi_tail' is used before its declaration [C:/Users/zz160/Desktop/ECE350Final/processor/processor_main/processor.v:90]
WARNING: [Synth 8-6901] identifier 'is_blt_tail' is used before its declaration [C:/Users/zz160/Desktop/ECE350Final/processor/processor_main/processor.v:90]
WARNING: [Synth 8-6901] identifier 'is_bne_tail' is used before its declaration [C:/Users/zz160/Desktop/ECE350Final/processor/processor_main/processor.v:90]
WARNING: [Synth 8-6901] identifier 'ir_dx' is used before its declaration [C:/Users/zz160/Desktop/ECE350Final/processor/processor_main/processor.v:91]
WARNING: [Synth 8-6901] identifier 'ir_xm' is used before its declaration [C:/Users/zz160/Desktop/ECE350Final/processor/processor_main/processor.v:92]
WARNING: [Synth 8-6901] identifier 'ir_dx' is used before its declaration [C:/Users/zz160/Desktop/ECE350Final/processor/processor_main/processor.v:94]
WARNING: [Synth 8-6901] identifier 'ir_dx' is used before its declaration [C:/Users/zz160/Desktop/ECE350Final/processor/processor_main/processor.v:94]
WARNING: [Synth 8-6901] identifier 'ir_xm' is used before its declaration [C:/Users/zz160/Desktop/ECE350Final/processor/processor_main/processor.v:95]
WARNING: [Synth 8-6901] identifier 'ir_xm' is used before its declaration [C:/Users/zz160/Desktop/ECE350Final/processor/processor_main/processor.v:95]
WARNING: [Synth 8-6901] identifier 'ir_mw' is used before its declaration [C:/Users/zz160/Desktop/ECE350Final/processor/processor_main/processor.v:96]
WARNING: [Synth 8-6901] identifier 'ir_mw' is used before its declaration [C:/Users/zz160/Desktop/ECE350Final/processor/processor_main/processor.v:96]
WARNING: [Synth 8-6901] identifier 'ir_tail' is used before its declaration [C:/Users/zz160/Desktop/ECE350Final/processor/processor_main/processor.v:97]
WARNING: [Synth 8-6901] identifier 'ir_tail' is used before its declaration [C:/Users/zz160/Desktop/ECE350Final/processor/processor_main/processor.v:97]
WARNING: [Synth 8-6901] identifier 'ir_dx' is used before its declaration [C:/Users/zz160/Desktop/ECE350Final/processor/processor_main/processor.v:99]
WARNING: [Synth 8-6901] identifier 'ir_xm' is used before its declaration [C:/Users/zz160/Desktop/ECE350Final/processor/processor_main/processor.v:100]
WARNING: [Synth 8-6901] identifier 'ir_mw' is used before its declaration [C:/Users/zz160/Desktop/ECE350Final/processor/processor_main/processor.v:101]
WARNING: [Synth 8-6901] identifier 'ir_tail' is used before its declaration [C:/Users/zz160/Desktop/ECE350Final/processor/processor_main/processor.v:102]
WARNING: [Synth 8-6901] identifier 'ir_dx' is used before its declaration [C:/Users/zz160/Desktop/ECE350Final/processor/processor_main/processor.v:104]
WARNING: [Synth 8-6901] identifier 'ir_xm' is used before its declaration [C:/Users/zz160/Desktop/ECE350Final/processor/processor_main/processor.v:105]
INFO: [Common 17-14] Message 'Synth 8-6901' appears 100 times and further instances of the messages will be disabled. Use the Tcl command set_msg_config to change the current settings.
---------------------------------------------------------------------------------
Starting RTL Elaboration : Time (s): cpu = 00:00:04 ; elapsed = 00:00:05 . Memory (MB): peak = 1172.258 ; gain = 0.000
---------------------------------------------------------------------------------
INFO: [Synth 8-6157] synthesizing module 'main' [C:/Users/zz160/Desktop/ECE350Final/main.v:1]
WARNING: [Synth 8-311] ignoring non-constant assignment in initial block [C:/Users/zz160/Desktop/ECE350Final/main.v:107]
WARNING: [Synth 8-311] ignoring non-constant assignment in initial block [C:/Users/zz160/Desktop/ECE350Final/main.v:108]
WARNING: [Synth 8-311] ignoring non-constant assignment in initial block [C:/Users/zz160/Desktop/ECE350Final/main.v:109]
WARNING: [Synth 8-311] ignoring non-constant assignment in initial block [C:/Users/zz160/Desktop/ECE350Final/main.v:110]
WARNING: [Synth 8-311] ignoring non-constant assignment in initial block [C:/Users/zz160/Desktop/ECE350Final/main.v:111]
INFO: [Synth 8-6157] synthesizing module 'processor' [C:/Users/zz160/Desktop/ECE350Final/processor/processor_main/processor.v:20]
INFO: [Synth 8-6157] synthesizing module 'pc_reg' [C:/Users/zz160/Desktop/ECE350Final/processor/utils/pc_reg.v:1]
INFO: [Synth 8-6157] synthesizing module 'dffe_ref' [C:/Users/zz160/Desktop/ECE350Final/processor/processor_main/Provided Behavioral Components/dffe_ref.v:1]
INFO: [Synth 8-6155] done synthesizing module 'dffe_ref' (1#1) [C:/Users/zz160/Desktop/ECE350Final/processor/processor_main/Provided Behavioral Components/dffe_ref.v:1]
INFO: [Synth 8-6155] done synthesizing module 'pc_reg' (2#1) [C:/Users/zz160/Desktop/ECE350Final/processor/utils/pc_reg.v:1]
INFO: [Synth 8-6157] synthesizing module 'alu' [C:/Users/zz160/Desktop/ECE350Final/processor/processor_main/Provided Behavioral Components/alu.v:1]
INFO: [Synth 8-155] case statement is not full and has no default [C:/Users/zz160/Desktop/ECE350Final/processor/processor_main/Provided Behavioral Components/alu.v:25]
INFO: [Synth 8-6155] done synthesizing module 'alu' (3#1) [C:/Users/zz160/Desktop/ECE350Final/processor/processor_main/Provided Behavioral Components/alu.v:1]
INFO: [Synth 8-6157] synthesizing module 'fd_latch' [C:/Users/zz160/Desktop/ECE350Final/processor/latches/fd_latch.v:1]
INFO: [Synth 8-6155] done synthesizing module 'fd_latch' (4#1) [C:/Users/zz160/Desktop/ECE350Final/processor/latches/fd_latch.v:1]
INFO: [Synth 8-6157] synthesizing module 'dx_latch' [C:/Users/zz160/Desktop/ECE350Final/processor/latches/dx_latch.v:1]
INFO: [Synth 8-6155] done synthesizing module 'dx_latch' (5#1) [C:/Users/zz160/Desktop/ECE350Final/processor/latches/dx_latch.v:1]
INFO: [Synth 8-6157] synthesizing module 'mux_4' [C:/Users/zz160/Desktop/ECE350Final/processor/utils/mux_4.v:1]
INFO: [Synth 8-6157] synthesizing module 'mux_2' [C:/Users/zz160/Desktop/ECE350Final/processor/utils/mux_2.v:1]
INFO: [Synth 8-6155] done synthesizing module 'mux_2' (6#1) [C:/Users/zz160/Desktop/ECE350Final/processor/utils/mux_2.v:1]
INFO: [Synth 8-6155] done synthesizing module 'mux_4' (7#1) [C:/Users/zz160/Desktop/ECE350Final/processor/utils/mux_4.v:1]
INFO: [Synth 8-6157] synthesizing module 'xm_latch' [C:/Users/zz160/Desktop/ECE350Final/processor/latches/xm_latch.v:1]
INFO: [Synth 8-6155] done synthesizing module 'xm_latch' (8#1) [C:/Users/zz160/Desktop/ECE350Final/processor/latches/xm_latch.v:1]
INFO: [Synth 8-6157] synthesizing module 'mw_latch' [C:/Users/zz160/Desktop/ECE350Final/processor/latches/mw_latch.v:1]
INFO: [Synth 8-6155] done synthesizing module 'mw_latch' (9#1) [C:/Users/zz160/Desktop/ECE350Final/processor/latches/mw_latch.v:1]
INFO: [Synth 8-6155] done synthesizing module 'processor' (10#1) [C:/Users/zz160/Desktop/ECE350Final/processor/processor_main/processor.v:20]
WARNING: [Synth 8-7071] port 'test_var' of module 'processor' is unconnected for instance 'CPU' [C:/Users/zz160/Desktop/ECE350Final/main.v:59]
WARNING: [Synth 8-7023] instance 'CPU' of module 'processor' has 16 connections declared, but only 15 given [C:/Users/zz160/Desktop/ECE350Final/main.v:59]
INFO: [Synth 8-6157] synthesizing module 'ROM' [C:/Users/zz160/Desktop/ECE350Final/processor/processor_main/ROM.v:2]
	Parameter MEMFILE bound to: 64'b0110110101100001011010010110111000101110011011010110010101101101 
INFO: [Synth 8-3876] $readmem data file 'main.mem' is read successfully [C:/Users/zz160/Desktop/ECE350Final/processor/processor_main/ROM.v:11]
INFO: [Synth 8-6155] done synthesizing module 'ROM' (11#1) [C:/Users/zz160/Desktop/ECE350Final/processor/processor_main/ROM.v:2]
INFO: [Synth 8-6157] synthesizing module 'regfile' [C:/Users/zz160/Desktop/ECE350Final/processor/processor_main/Provided Behavioral Components/regfile.v:1]
INFO: [Synth 8-6155] done synthesizing module 'regfile' (12#1) [C:/Users/zz160/Desktop/ECE350Final/processor/processor_main/Provided Behavioral Components/regfile.v:1]
INFO: [Synth 8-6157] synthesizing module 'RAM' [C:/Users/zz160/Desktop/ECE350Final/processor/processor_main/RAM.v:2]
INFO: [Synth 8-6155] done synthesizing module 'RAM' (13#1) [C:/Users/zz160/Desktop/ECE350Final/processor/processor_main/RAM.v:2]
WARNING: [Synth 8-6090] variable 'clk_counter1' is written by both blocking and non-blocking assignments, entire logic could be removed [C:/Users/zz160/Desktop/ECE350Final/main.v:217]
WARNING: [Synth 8-6090] variable 'clk_counter2' is written by both blocking and non-blocking assignments, entire logic could be removed [C:/Users/zz160/Desktop/ECE350Final/main.v:218]
WARNING: [Synth 8-6090] variable 'clk_counter3' is written by both blocking and non-blocking assignments, entire logic could be removed [C:/Users/zz160/Desktop/ECE350Final/main.v:219]
WARNING: [Synth 8-6090] variable 'clk_counter4' is written by both blocking and non-blocking assignments, entire logic could be removed [C:/Users/zz160/Desktop/ECE350Final/main.v:220]
INFO: [Synth 8-6157] synthesizing module 'VGAController' [C:/Users/zz160/Desktop/ECE350Final/VGAController.v:2]
INFO: [Synth 8-6157] synthesizing module 'VGATimingGenerator' [C:/Users/zz160/Desktop/ECE350Final/VGATimingGenerator.v:2]
	Parameter HEIGHT bound to: 480 - type: integer 
	Parameter WIDTH bound to: 640 - type: integer 
INFO: [Synth 8-6155] done synthesizing module 'VGATimingGenerator' (14#1) [C:/Users/zz160/Desktop/ECE350Final/VGATimingGenerator.v:2]
INFO: [Synth 8-6157] synthesizing module 'RAM2' [C:/Users/zz160/Desktop/ECE350Final/RAM2.v:2]
	Parameter DATA_WIDTH bound to: 9 - type: integer 
	Parameter ADDRESS_WIDTH bound to: 20 - type: integer 
	Parameter DEPTH bound to: 307200 - type: integer 
	Parameter MEMFILE bound to: 144'b001011100010111101101001011011010110000101100111011001010111001100101111011010010110110101100001011001110110010100101110011011010110010101101101 
INFO: [Synth 8-3876] $readmem data file './images/image.mem' is read successfully [C:/Users/zz160/Desktop/ECE350Final/RAM2.v:13]
INFO: [Synth 8-6155] done synthesizing module 'RAM2' (15#1) [C:/Users/zz160/Desktop/ECE350Final/RAM2.v:2]
WARNING: [Synth 8-7071] port 'dataIn' of module 'RAM2' is unconnected for instance 'ImageData1' [C:/Users/zz160/Desktop/ECE350Final/VGAController.v:60]
WARNING: [Synth 8-7023] instance 'ImageData1' of module 'RAM2' has 5 connections declared, but only 4 given [C:/Users/zz160/Desktop/ECE350Final/VGAController.v:60]
INFO: [Synth 8-6157] synthesizing module 'RAM2__parameterized0' [C:/Users/zz160/Desktop/ECE350Final/RAM2.v:2]
	Parameter DATA_WIDTH bound to: 12 - type: integer 
	Parameter ADDRESS_WIDTH bound to: 9 - type: integer 
	Parameter DEPTH bound to: 256 - type: integer 
	Parameter MEMFILE bound to: 152'b00101110001011110110100101101101011000010110011101100101011100110010111101100011011011110110110001101111011100100111001100101110011011010110010101101101 
INFO: [Synth 8-3876] $readmem data file './images/colors.mem' is read successfully [C:/Users/zz160/Desktop/ECE350Final/RAM2.v:13]
INFO: [Synth 8-6155] done synthesizing module 'RAM2__parameterized0' (15#1) [C:/Users/zz160/Desktop/ECE350Final/RAM2.v:2]
WARNING: [Synth 8-7071] port 'dataIn' of module 'RAM2' is unconnected for instance 'ColorPalette1' [C:/Users/zz160/Desktop/ECE350Final/VGAController.v:74]
WARNING: [Synth 8-7023] instance 'ColorPalette1' of module 'RAM2' has 5 connections declared, but only 4 given [C:/Users/zz160/Desktop/ECE350Final/VGAController.v:74]
INFO: [Synth 8-6155] done synthesizing module 'VGAController' (16#1) [C:/Users/zz160/Desktop/ECE350Final/VGAController.v:2]
ERROR: [Synth 8-439] module 'AudioController' not found [C:/Users/zz160/Desktop/ECE350Final/main.v:259]
ERROR: [Synth 8-6156] failed synthesizing module 'main' [C:/Users/zz160/Desktop/ECE350Final/main.v:1]
---------------------------------------------------------------------------------
Finished RTL Elaboration : Time (s): cpu = 00:00:07 ; elapsed = 00:00:09 . Memory (MB): peak = 1172.258 ; gain = 0.000
---------------------------------------------------------------------------------
RTL Elaboration failed
INFO: [Common 17-83] Releasing license: Synthesis
46 Infos, 115 Warnings, 0 Critical Warnings and 3 Errors encountered.
synth_design failed
ERROR: [Common 17-69] Command failed: Synthesis failed - please see the console or run log file for details
INFO: [Common 17-206] Exiting Vivado at Thu Dec  2 16:45:59 2021...
